<?xml version="1.0" encoding="UTF-8"?>
<testng-results skipped="0" failed="0" ignored="0" total="3" passed="3">
  <reporter-output>
  </reporter-output>
  <suite name="Default suite" duration-ms="38" started-at="2018-05-20T05:04:04Z" finished-at="2018-05-20T05:04:04Z">
    <groups>
    </groups>
    <test name="Default test" duration-ms="38" started-at="2018-05-20T05:04:04Z" finished-at="2018-05-20T05:04:04Z">
      <class name="core.DivideTest">
        <test-method status="PASS" signature="divide_test_2_param()[pri:0, instance:core.DivideTest@1e7c7811]" name="divide_test_2_param" duration-ms="13" started-at="2018-05-20T05:04:04Z" finished-at="2018-05-20T05:04:04Z">
          <reporter-output>
          </reporter-output>
        </test-method> <!-- divide_test_2_param -->
        <test-method status="PASS" signature="divide_test_3_param()[pri:0, instance:core.DivideTest@1e7c7811]" name="divide_test_3_param" duration-ms="1" started-at="2018-05-20T05:04:04Z" finished-at="2018-05-20T05:04:04Z">
          <reporter-output>
          </reporter-output>
        </test-method> <!-- divide_test_3_param -->
        <test-method status="PASS" signature="divide_test_4_param()[pri:0, instance:core.DivideTest@1e7c7811]" name="divide_test_4_param" duration-ms="1" started-at="2018-05-20T05:04:04Z" finished-at="2018-05-20T05:04:04Z">
          <reporter-output>
          </reporter-output>
        </test-method> <!-- divide_test_4_param -->
      </class> <!-- core.DivideTest -->
    </test> <!-- Default test -->
  </suite> <!-- Default suite -->
</testng-results>
